2025-03-12 10:30:12,872 - INFO - No file name provided. Using: /Users/nathannguyen/Documents/Midi_To_serum/Midi_to_synth/presets/VivalaVida(2).vital
2025-03-12 10:30:15,024 - INFO - Parsing MIDI file: /Users/nathannguyen/Documents/Midi_To_serum/Tests/VivalaVida(2).mid
2025-03-12 10:30:15,097 - INFO - Estimated tempo: 219.34 BPM
2025-03-12 10:30:15,099 - INFO - Skipping drum track in instrument 0
2025-03-12 10:30:15,100 - INFO - MIDI Summary - Notes: 2291, CCs: 194, Pitch Bends: 3
2025-03-12 10:30:15,100 - INFO - ADSR Envelope - Attack: 0.079s, Decay: 0.166s, Sustain: 0.741, Release: 0.124s
2025-03-12 10:30:15,100 - INFO - MIDI Content Summary:
2025-03-12 10:30:15,100 - INFO -   - Notes: 2291
2025-03-12 10:30:15,100 - INFO -   - Control Changes: 194
2025-03-12 10:30:15,100 - INFO -   - Pitch Bends: 3
2025-03-12 10:30:15,100 - INFO -   - Time Signatures: 1
2025-03-12 10:30:15,103 - INFO - MIDI Analysis:
2025-03-12 10:30:15,103 - INFO -   - Pitch Range: 37 to 87
2025-03-12 10:30:15,104 - INFO -   - Playing Style: Legato
2025-03-12 10:30:15,104 - INFO -   - Chord Density: 12.0 notes
2025-03-12 10:30:15,104 - INFO - Loading default Vital preset: /Users/nathannguyen/Documents/Midi_To_serum/Midi_to_synth/presets/Default.vital
2025-03-12 10:30:15,105 - WARNING - Loaded file does not appear to be a valid Vital preset
2025-03-12 10:30:15,105 - WARNING - Could not find appropriate structure for keyframes in preset
2025-03-12 10:30:15,105 - INFO - Mapping MIDI data to Vital parameters...
2025-03-12 10:30:15,105 - INFO - Initialized VitalMapper with 2291 notes, 194 CCs, snapshot method 2
2025-03-12 10:30:15,105 - INFO - Applied average note snapshot: avg_pitch=61.3, avg_velocity=94.1
2025-03-12 10:30:15,106 - INFO - Applied envelopes - ENV1: A=0.08s, D=0.17s, S=0.74, R=0.12s
2025-03-12 10:30:15,106 - INFO - Applied LFO settings - LFO1: 3.66Hz, LFO2: 1.83Hz, LFO3: 0.91Hz
2025-03-12 10:30:15,106 - INFO - Applied macro control assignments and modulations
2025-03-12 10:30:15,106 - INFO - Applied effects settings with adaptive adjustments
2025-03-12 10:30:15,108 - INFO - Applied global settings based on MIDI analysis
2025-03-12 10:30:15,108 - INFO - Generating 3 wavetable frames with size 2048
2025-03-12 10:30:15,110 - INFO - Configured oscillators based on MIDI content
2025-03-12 10:30:15,110 - INFO - Applied all MIDI mappings to Vital preset
2025-03-12 10:30:15,110 - INFO - Saving new Vital preset with 3-frame wavetable data to: /Users/nathannguyen/Documents/Midi_To_serum/Midi_to_synth/presets/VivalaVida(2).vital
2025-03-12 10:30:15,113 - WARNING - No wave_source entries found in preset
2025-03-12 10:30:15,113 - INFO - Replaced 3 wavetable frames in preset
2025-03-12 10:30:15,113 - INFO - Saved Vital preset to /Users/nathannguyen/Documents/Midi_To_serum/Midi_to_synth/presets/VivalaVida(2).vital (uncompressed)
2025-03-12 10:30:15,113 - INFO - ✅ Vital preset generated successfully!
2025-03-12 10:30:15,113 - INFO - 🎉 Conversion complete! Preset saved to: /Users/nathannguyen/Documents/Midi_To_serum/Midi_to_synth/presets/VivalaVida(2).vital
